<?xml version="1.0" encoding="UTF-8"?>
<!-- Generated by org.testng.reporters.JUnitXMLReporter -->
<testsuite hostname="DSCHD-015" name="Payment-Tests" tests="20" failures="2" timestamp="15 Feb 2017 11:00:39 GMT" time="1432.209" errors="0">
  <testcase name="test" time="67.468" classname="testingxperts.web.tests.IGP_TC_195"/>
  <testcase name="test" time="50.518" classname="testingxperts.web.tests.IGP_TC_196"/>
  <testcase name="test" time="48.882" classname="testingxperts.web.tests.IGP_TC_197"/>
  <testcase name="test" time="48.05" classname="testingxperts.web.tests.IGP_TC_198"/>
  <testcase name="test" time="54.572" classname="testingxperts.web.tests.IGP_TC_199"/>
  <testcase name="test" time="59.171" classname="testingxperts.web.tests.IGP_TC_200"/>
  <testcase name="test" time="107.135" classname="testingxperts.web.tests.IGP_TC_201">
    <failure type="org.openqa.selenium.TimeoutException" message="Expected condition failed: waiting for element to be clickable: By.xpath: //button[@type=&amp;apos;submit&amp;apos;] (tried for 50 second(s) with 500 MILLISECONDS interval)
Build info: version: &amp;apos;2.53.0&amp;apos;, revision: &amp;apos;35ae25b1534ae328c771e0856c93e187490ca824&amp;apos;, time: &amp;apos;2016-03-15 10:43:46&amp;apos;
System info: host: &amp;apos;DSCHD-015&amp;apos;, ip: &amp;apos;192.168.6.49&amp;apos;, os.name: &amp;apos;Windows 7&amp;apos;, os.arch: &amp;apos;amd64&amp;apos;, os.version: &amp;apos;6.1&amp;apos;, java.version: &amp;apos;1.8.0_71&amp;apos;
Driver info: org.openqa.selenium.chrome.ChromeDriver
Capabilities [{applicationCacheEnabled=false, rotatable=false, mobileEmulationEnabled=false, networkConnectionEnabled=false, chrome={chromedriverVersion=2.25.426923 (0390b88869384d6eb0d5d09729679f934aab9eed), userDataDir=C:\Users\SUKHJI~1\AppData\Local\Temp\scoped_dir11956_14703}, takesHeapSnapshot=true, pageLoadStrategy=normal, databaseEnabled=false, handlesAlerts=true, hasTouchScreen=false, version=56.0.2924.87, platform=XP, browserConnectionEnabled=false, nativeEvents=true, acceptSslCerts=true, locationContextEnabled=true, webStorageEnabled=true, browserName=chrome, takesScreenshot=true, javascriptEnabled=true, cssSelectorsEnabled=true}]
Session ID: 39f4e693facca2690c57bcb73bd969dd">
      <![CDATA[org.openqa.selenium.TimeoutException: Expected condition failed: waiting for element to be clickable: By.xpath: //button[@type='submit'] (tried for 50 second(s) with 500 MILLISECONDS interval)
Build info: version: '2.53.0', revision: '35ae25b1534ae328c771e0856c93e187490ca824', time: '2016-03-15 10:43:46'
System info: host: 'DSCHD-015', ip: '192.168.6.49', os.name: 'Windows 7', os.arch: 'amd64', os.version: '6.1', java.version: '1.8.0_71'
Driver info: org.openqa.selenium.chrome.ChromeDriver
Capabilities [{applicationCacheEnabled=false, rotatable=false, mobileEmulationEnabled=false, networkConnectionEnabled=false, chrome={chromedriverVersion=2.25.426923 (0390b88869384d6eb0d5d09729679f934aab9eed), userDataDir=C:\Users\SUKHJI~1\AppData\Local\Temp\scoped_dir11956_14703}, takesHeapSnapshot=true, pageLoadStrategy=normal, databaseEnabled=false, handlesAlerts=true, hasTouchScreen=false, version=56.0.2924.87, platform=XP, browserConnectionEnabled=false, nativeEvents=true, acceptSslCerts=true, locationContextEnabled=true, webStorageEnabled=true, browserName=chrome, takesScreenshot=true, javascriptEnabled=true, cssSelectorsEnabled=true}]
Session ID: 39f4e693facca2690c57bcb73bd969dd
	at org.openqa.selenium.support.ui.WebDriverWait.timeoutException(WebDriverWait.java:80)
	at org.openqa.selenium.support.ui.FluentWait.until(FluentWait.java:265)
	at utilities.KeywordUtil.waitForClickable(KeywordUtil.java:69)
	at utilities.KeywordUtil.click(KeywordUtil.java:201)
	at testingxperts.web.pages.PaymentPage.clickMakePayment(PaymentPage.java:51)
	at testingxperts.web.tests.IGP_TC_201.test(IGP_TC_201.java:99)
	at suite.runner.CustomSuiteRunner.suiteRunner(CustomSuiteRunner.java:169)
... Removed 50 stack frames]]>
    </failure>
  </testcase> <!-- test -->
  <testcase name="test" time="53.54" classname="testingxperts.web.tests.IGP_TC_206"/>
  <testcase name="test" time="65.945" classname="testingxperts.web.tests.IGP_TC_207"/>
  <testcase name="test" time="71.907" classname="testingxperts.web.tests.IGP_TC_208"/>
  <testcase name="test" time="64.293" classname="testingxperts.web.tests.IGP_TC_209"/>
  <testcase name="test" time="123.957" classname="testingxperts.web.tests.IGP_TC_210"/>
  <testcase name="test" time="53.629" classname="testingxperts.web.tests.IGP_TC_211"/>
  <testcase name="test" time="57.889" classname="testingxperts.web.tests.IGP_TC_212"/>
  <testcase name="test" time="52.671" classname="testingxperts.web.tests.IGP_TC_213"/>
  <testcase name="test" time="59.746" classname="testingxperts.web.tests.IGP_TC_214"/>
  <testcase name="test" time="65.27" classname="testingxperts.web.tests.IGP_TC_215"/>
  <testcase name="test" time="66.125" classname="testingxperts.web.tests.IGP_TC_216"/>
  <testcase name="test" time="48.821" classname="testingxperts.web.tests.IGP_TC_217"/>
  <testcase name="test" time="96.685" classname="testingxperts.web.tests.IGP_TC_219">
    <failure type="utilities.TestStepFailedException" message="Varification failed--&amp;gt;Enter invalid debit card number and verify user should navigate to PAYUBIZ page">
      <![CDATA[utilities.TestStepFailedException: Varification failed-->Enter invalid debit card number and verify user should navigate to PAYUBIZ page
	at utilities.KeywordUtil.verifyStep(KeywordUtil.java:672)
	at testingxperts.web.tests.IGP_TC_219.test(IGP_TC_219.java:108)
	at suite.runner.CustomSuiteRunner.suiteRunner(CustomSuiteRunner.java:169)
... Removed 50 stack frames]]>
    </failure>
  </testcase> <!-- test -->
</testsuite> <!-- Payment-Tests -->
