<?xml version="1.0" encoding="UTF-8"?>
<!-- Generated by org.testng.reporters.JUnitXMLReporter -->
<testsuite hostname="CB-71" name="Order Summary Page-Tests" tests="8" failures="1" timestamp="14 Mar 2017 11:39:12 GMT" time="365.837" errors="0">
  <testcase name="test" time="34.31" classname="testingxperts.web.tests.IGP_TC_082"/>
  <testcase name="test" time="36.144" classname="testingxperts.web.tests.IGP_TC_083"/>
  <testcase name="test" time="46.163" classname="testingxperts.web.tests.IGP_TC_084"/>
  <testcase name="test" time="42.867" classname="testingxperts.web.tests.IGP_TC_085"/>
  <testcase name="test" time="40.143" classname="testingxperts.web.tests.IGP_TC_086"/>
  <testcase name="test" time="43.231" classname="testingxperts.web.tests.IGP_TC_087">
    <failure type="org.openqa.selenium.WebDriverException" message="unknown error: Element is not clickable at point (827, 385). Other element would receive the click: &amp;lt;div class=&amp;quot;picker__box&amp;quot;&amp;gt;...&amp;lt;/div&amp;gt;
  (Session info: chrome=56.0.2924.87)
  (Driver info: chromedriver=2.25.426923 (0390b88869384d6eb0d5d09729679f934aab9eed),platform=Windows NT 6.1.7601 SP1 x86_64) (WARNING: The server did not provide any stacktrace information)
Command duration or timeout: 41 milliseconds
Build info: version: &amp;apos;2.53.0&amp;apos;, revision: &amp;apos;35ae25b1534ae328c771e0856c93e187490ca824&amp;apos;, time: &amp;apos;2016-03-15 10:43:46&amp;apos;
System info: host: &amp;apos;CB-71&amp;apos;, ip: &amp;apos;192.168.6.49&amp;apos;, os.name: &amp;apos;Windows 7&amp;apos;, os.arch: &amp;apos;amd64&amp;apos;, os.version: &amp;apos;6.1&amp;apos;, java.version: &amp;apos;1.8.0_71&amp;apos;
Driver info: org.openqa.selenium.chrome.ChromeDriver
Capabilities [{applicationCacheEnabled=false, rotatable=false, mobileEmulationEnabled=false, networkConnectionEnabled=false, chrome={chromedriverVersion=2.25.426923 (0390b88869384d6eb0d5d09729679f934aab9eed), userDataDir=C:\Users\SUKHJI~1\AppData\Local\Temp\scoped_dir2320_1255}, takesHeapSnapshot=true, pageLoadStrategy=normal, databaseEnabled=false, handlesAlerts=true, hasTouchScreen=false, version=56.0.2924.87, platform=XP, browserConnectionEnabled=false, nativeEvents=true, acceptSslCerts=true, locationContextEnabled=true, webStorageEnabled=true, browserName=chrome, takesScreenshot=true, javascriptEnabled=true, cssSelectorsEnabled=true}]
Session ID: 024d12b6cea05a6ac29ebf7c86c41925">
      <![CDATA[org.openqa.selenium.WebDriverException: unknown error: Element is not clickable at point (827, 385). Other element would receive the click: <div class="picker__box">...</div>
  (Session info: chrome=56.0.2924.87)
  (Driver info: chromedriver=2.25.426923 (0390b88869384d6eb0d5d09729679f934aab9eed),platform=Windows NT 6.1.7601 SP1 x86_64) (WARNING: The server did not provide any stacktrace information)
Command duration or timeout: 41 milliseconds
Build info: version: '2.53.0', revision: '35ae25b1534ae328c771e0856c93e187490ca824', time: '2016-03-15 10:43:46'
System info: host: 'CB-71', ip: '192.168.6.49', os.name: 'Windows 7', os.arch: 'amd64', os.version: '6.1', java.version: '1.8.0_71'
Driver info: org.openqa.selenium.chrome.ChromeDriver
Capabilities [{applicationCacheEnabled=false, rotatable=false, mobileEmulationEnabled=false, networkConnectionEnabled=false, chrome={chromedriverVersion=2.25.426923 (0390b88869384d6eb0d5d09729679f934aab9eed), userDataDir=C:\Users\SUKHJI~1\AppData\Local\Temp\scoped_dir2320_1255}, takesHeapSnapshot=true, pageLoadStrategy=normal, databaseEnabled=false, handlesAlerts=true, hasTouchScreen=false, version=56.0.2924.87, platform=XP, browserConnectionEnabled=false, nativeEvents=true, acceptSslCerts=true, locationContextEnabled=true, webStorageEnabled=true, browserName=chrome, takesScreenshot=true, javascriptEnabled=true, cssSelectorsEnabled=true}]
Session ID: 024d12b6cea05a6ac29ebf7c86c41925
	at org.openqa.selenium.remote.ErrorHandler.createThrowable(ErrorHandler.java:206)
	at org.openqa.selenium.remote.ErrorHandler.throwIfResponseFailed(ErrorHandler.java:158)
	at org.openqa.selenium.remote.RemoteWebDriver.execute(RemoteWebDriver.java:678)
	at org.openqa.selenium.remote.RemoteWebElement.execute(RemoteWebElement.java:327)
	at org.openqa.selenium.remote.RemoteWebElement.click(RemoteWebElement.java:85)
	at utilities.KeywordUtil.click(KeywordUtil.java:205)
	at testingxperts.web.pages.OrderSummaryPage.midnightdeliveryoptions(OrderSummaryPage.java:341)
	at testingxperts.web.pages.OrderSummaryPage.verifydeliveryoption(OrderSummaryPage.java:314)
	at testingxperts.web.tests.IGP_TC_087.test(IGP_TC_087.java:117)
	at suite.runner.CustomSuiteRunner.suiteRunner(CustomSuiteRunner.java:169)
... Removed 54 stack frames]]>
    </failure>
  </testcase> <!-- test -->
  <testcase name="test" time="38.74" classname="testingxperts.web.tests.IGP_TC_088"/>
  <testcase name="test" time="42.204" classname="testingxperts.web.tests.IGP_TC_089"/>
</testsuite> <!-- Order Summary Page-Tests -->
